{"level":"INFO","message":"[2:18:54.689 PM]: Creating new connection object"}
{"level":"INFO","message":"[2:18:54.877 PM]: Creating Connection[id: b72474cb-a87e-4511-85c0-0b07d35402af] with host: gsk-prod.privatelink.snowflakecomputing.com, account: NS986932, accessUrl: https://gsk-prod.privatelink.snowflakecomputing.com, user: undefined, role: PUBLIC, database: PPRM_PROD, schema: PUBLIC, warehouse: WH_RD_DVMT_PPRM_PROD_XSMALL, proxy was not configured, password is not provided, region: undefined, authenticator: EXTERNALBROWSER, ocsp mode: FAIL_OPEN, os: win32, os version: 10.0.26100"}
{"level":"INFO","message":"[2:18:54.882 PM]: Connection[id: b72474cb-a87e-4511-85c0-0b07d35402af] additional details: passcode in password is provided, passcode is not provided, private key is not provided, application: undefined, client name: snowflake-sdk, client version: 2.3.4, retry timeout: 300, private key path: undefined, private key pass is not provided, client store temporary credential: false, browser response timeout: 120000"}
{"level":"INFO","message":"[2:18:54.884 PM]: Connection[id: b72474cb-a87e-4511-85c0-0b07d35402af] - connection object created successfully."}
{"level":"INFO","message":"[2:18:54.888 PM]: Connection[id: b72474cb-a87e-4511-85c0-0b07d35402af] - async connecting. Associated Snowflake domain: GLOBAL"}
{"level":"INFO","message":"[2:18:54.899 PM]: Connection[id: b72474cb-a87e-4511-85c0-0b07d35402af] - setting up private link"}
{"level":"INFO","message":"[2:18:54.902 PM]: Trying to initialize Easy Logging"}
{"level":"INFO","message":"[2:18:54.920 PM]: No client config detected."}
{"level":"INFO","message":"[2:18:54.927 PM]: No config file path found. Client config will not be used."}
{"level":"INFO","message":"[2:18:54.937 PM]: Easy Logging is disabled as no config has been found"}
{"level":"INFO","message":"[2:19:14.686 PM]: Creating new connection object"}
{"level":"INFO","message":"[2:19:14.689 PM]: Creating Connection[id: 56a49b00-96eb-4aa5-91a6-06e031ab8331] with host: gsk-prod.privatelink.snowflakecomputing.com, account: NS986932, accessUrl: https://gsk-prod.privatelink.snowflakecomputing.com, user: undefined, role: PUBLIC, database: PPRM_PROD, schema: PUBLIC, warehouse: WH_RD_DVMT_PPRM_PROD_XSMALL, proxy was not configured, password is not provided, region: undefined, authenticator: EXTERNALBROWSER, ocsp mode: FAIL_OPEN, os: win32, os version: 10.0.26100"}
{"level":"INFO","message":"[2:19:14.690 PM]: Connection[id: 56a49b00-96eb-4aa5-91a6-06e031ab8331] additional details: passcode in password is provided, passcode is not provided, private key is not provided, application: undefined, client name: snowflake-sdk, client version: 2.3.4, retry timeout: 300, private key path: undefined, private key pass is not provided, client store temporary credential: false, browser response timeout: 120000"}
{"level":"INFO","message":"[2:19:14.691 PM]: Connection[id: 56a49b00-96eb-4aa5-91a6-06e031ab8331] - connection object created successfully."}
{"level":"INFO","message":"[2:19:14.692 PM]: Connection[id: 56a49b00-96eb-4aa5-91a6-06e031ab8331] - async connecting. Associated Snowflake domain: GLOBAL"}
{"level":"INFO","message":"[2:19:14.693 PM]: Connection[id: 56a49b00-96eb-4aa5-91a6-06e031ab8331] - setting up private link"}
{"level":"INFO","message":"[2:19:26.875 PM]: Connection[id: b72474cb-a87e-4511-85c0-0b07d35402af] - authentication successful using: EXTERNALBROWSER"}
{"level":"INFO","message":"[2:19:27.299 PM]: Connection[id: b72474cb-a87e-4511-85c0-0b07d35402af] - connection established successfully after 32410.9 milliseconds"}
{"level":"INFO","message":"[2:19:44.472 PM]: Connection[id: 56a49b00-96eb-4aa5-91a6-06e031ab8331] - authentication successful using: EXTERNALBROWSER"}
{"level":"INFO","message":"[2:19:44.824 PM]: Connection[id: 56a49b00-96eb-4aa5-91a6-06e031ab8331] - connection established successfully after 30132.01 milliseconds"}
{"level":"INFO","message":"[2:19:57.265 PM]: Creating new connection object"}
{"level":"INFO","message":"[2:19:57.272 PM]: Creating Connection[id: 4c70df22-fee1-4e09-9b17-2ca7b0e2ebb8] with host: gsk-prod.privatelink.snowflakecomputing.com, account: NS986932, accessUrl: https://gsk-prod.privatelink.snowflakecomputing.com, user: undefined, role: PUBLIC, database: PPRM_PROD, schema: PUBLIC, warehouse: WH_RD_DVMT_PPRM_PROD_XSMALL, proxy was not configured, password is not provided, region: undefined, authenticator: EXTERNALBROWSER, ocsp mode: FAIL_OPEN, os: win32, os version: 10.0.26100"}
{"level":"INFO","message":"[2:19:57.273 PM]: Connection[id: 4c70df22-fee1-4e09-9b17-2ca7b0e2ebb8] additional details: passcode in password is provided, passcode is not provided, private key is not provided, application: undefined, client name: snowflake-sdk, client version: 2.3.4, retry timeout: 300, private key path: undefined, private key pass is not provided, client store temporary credential: false, browser response timeout: 120000"}
{"level":"INFO","message":"[2:19:57.279 PM]: Connection[id: 4c70df22-fee1-4e09-9b17-2ca7b0e2ebb8] - connection object created successfully."}
{"level":"INFO","message":"[2:19:57.284 PM]: Connection[id: 4c70df22-fee1-4e09-9b17-2ca7b0e2ebb8] - async connecting. Associated Snowflake domain: GLOBAL"}
{"level":"INFO","message":"[2:19:57.290 PM]: Connection[id: 4c70df22-fee1-4e09-9b17-2ca7b0e2ebb8] - setting up private link"}
{"level":"INFO","message":"[2:20:01.937 PM]: Connection[id: 4c70df22-fee1-4e09-9b17-2ca7b0e2ebb8] - authentication successful using: EXTERNALBROWSER"}
{"level":"INFO","message":"[2:20:02.520 PM]: Connection[id: 4c70df22-fee1-4e09-9b17-2ca7b0e2ebb8] - connection established successfully after 5237.28 milliseconds"}
